<?xml version="1.0" encoding="UTF-8"?>
<!-- Generated by org.testng.reporters.JUnitReportReporter -->
<testsuite hostname="LAPTOP-P7INNGLR" failures="0" tests="1" name="testng.sampleTestTest" time="0.012" errors="0" timestamp="2024-07-27T10:14:00 IST" skipped="0">
  <testcase classname="testng.sampleTestTest" name="demo" time="0.012">
    <system-out>
      <![CDATA[demo]]>
    </system-out>
  </testcase> <!-- demo -->
  <system-out>
    <![CDATA[demo]]>
  </system-out>
</testsuite> <!-- testng.sampleTestTest -->
