<?xml version="1.0" encoding="UTF-8"?>
<!-- Generated by org.testng.reporters.JUnitReportReporter -->
<testsuite hostname="LAPTOP-P7INNGLR" failures="0" tests="1" name="ListenerImplementation.TestClass" time="0.013" errors="0" timestamp="2024-08-03T11:48:02 IST" skipped="0">
  <testcase classname="ListenerImplementation.TestClass" name="demo" time="0.013"/>
</testsuite> <!-- ListenerImplementation.TestClass -->
