<?xml version="1.0" encoding="UTF-8"?>
<!-- Generated by org.testng.reporters.JUnitReportReporter -->
<testsuite hostname="LAPTOP-P7INNGLR" failures="0" tests="5" name="testng.PriorityFlagTest" time="0.018" errors="0" timestamp="2024-07-27T10:17:47 IST" skipped="0">
  <testcase classname="testng.PriorityFlagTest" name="demo4" time="0.011">
    <system-out>
      <![CDATA[demo4]]>
    </system-out>
  </testcase> <!-- demo4 -->
  <testcase classname="testng.PriorityFlagTest" name="demo1" time="0.002">
    <system-out>
      <![CDATA[demo1]]>
    </system-out>
  </testcase> <!-- demo1 -->
  <testcase classname="testng.PriorityFlagTest" name="demo5" time="0.003">
    <system-out>
      <![CDATA[demo5]]>
    </system-out>
  </testcase> <!-- demo5 -->
  <testcase classname="testng.PriorityFlagTest" name="demo2" time="0.001">
    <system-out>
      <![CDATA[demo2]]>
    </system-out>
  </testcase> <!-- demo2 -->
  <testcase classname="testng.PriorityFlagTest" name="demo3" time="0.001">
    <system-out>
      <![CDATA[demo3]]>
    </system-out>
  </testcase> <!-- demo3 -->
  <system-out>
    <![CDATA[demo4
demo1
demo5
demo2
demo3]]>
  </system-out>
</testsuite> <!-- testng.PriorityFlagTest -->
