<?xml version="1.0" encoding="UTF-8"?>
<!-- Generated by org.testng.reporters.JUnitReportReporter -->
<testsuite hostname="LAPTOP-P7INNGLR" failures="0" tests="1" name="testng.sampleTest" time="0.021" errors="0" timestamp="2024-08-10T09:43:55 IST" skipped="0">
  <testcase classname="testng.sampleTest" name="demo" time="0.021">
    <system-out>
      <![CDATA[demo]]>
    </system-out>
  </testcase> <!-- demo -->
  <system-out>
    <![CDATA[demo]]>
  </system-out>
</testsuite> <!-- testng.sampleTest -->
