<?xml version="1.0" encoding="UTF-8"?>
<!-- Generated by org.testng.reporters.JUnitReportReporter -->
<testsuite hostname="LAPTOP-P7INNGLR" failures="0" tests="1" name="testng.RetryTest" time="0.015" errors="0" timestamp="2024-08-03T11:39:06 IST" skipped="0">
  <testcase classname="testng.RetryTest" name="demo" time="0.015">
    <system-out>
      <![CDATA[demo]]>
    </system-out>
  </testcase> <!-- demo -->
  <system-out>
    <![CDATA[demo]]>
  </system-out>
</testsuite> <!-- testng.RetryTest -->
