<?xml version="1.0" encoding="UTF-8"?>
<!-- Generated by org.testng.reporters.JUnitReportReporter -->
<testsuite hostname="LAPTOP-P7INNGLR" failures="0" tests="1" name="TestngImplementation.CreateAndDuplicateLeadTest" time="48.578" errors="0" timestamp="2024-08-10T09:53:07 IST" skipped="0">
  <testcase classname="TestngImplementation.CreateAndDuplicateLeadTest" name="createAndDuplicateLeadTest" time="48.578"/>
</testsuite> <!-- TestngImplementation.CreateAndDuplicateLeadTest -->
