<?xml version="1.0" encoding="UTF-8"?>
<!-- Generated by org.testng.reporters.JUnitReportReporter -->
<testsuite hostname="LAPTOP-P7INNGLR" failures="0" tests="1" name="assertions.WhyNotIfElse" time="0.012" errors="0" timestamp="2024-07-29T11:12:31 IST" skipped="0">
  <testcase classname="assertions.WhyNotIfElse" name="demo" time="0.012"/>
</testsuite> <!-- assertions.WhyNotIfElse -->
